WARNING: EXTCODE CODE AREA DO NOT CONTAIN RELOCATED ADDRESSES.
THIS WILL BE REMEDIED IN A LATER RELEASE.
--- 0000           ; Shell code for LED Lab 2 Exercise
--- 0000           
--- 0000           ;Assembler equates
--- 0000           
 00D6           PORTS        = $00D6              ; output port for LEDs
 00D7           DDRS         = $00D7
 0003           LED_MSK_1    = 0b00000011         ; LED_1 output pins
 000C           LED_MSK_2    = 0b00001100         ; LED_2 output pins
 0001           R_LED_1      = 0b00000001         ; red LED_1 output pin
 0002           G_LED_1      = 0b00000010         ; green LED_1 output pin
 0004           R_LED_2      = 0b00000100         ; red LED_2 output pin
 0008           G_LED_2      = 0b00001000         ; green LED_2 output pin
--- 0000           
--- 0000           ; RAM area
                .area bss
 0800            TICKS_1::    .blkb 2              ; use this space to explain each of your variables
 0802            COUNT_1::    .blkb 2
 0804            DONE_1::     .blkb 1
 0805            TICKS_2::    .blkb 2
 0807            COUNT_2::    .blkb 2
 0809            DONE_2::     .blkb 1
 080A            t1state::    .blkb 1
 080B            t2state::    .blkb 1
 080C            t3state::    .blkb 1
 080D            t4state::    .blkb 1
 080E            t5state::    .blkb 1
 080F            
 080F            
 080F            ;code area
                .area text
                ;
                ;==============================================================================
                ;
                ;   main program
                
 C055            _main::
 C055            
 C055  79080A            clr    t1state            ; initialize all tasks to state0
 C058  79080B            clr    t2state
 C05B  79080C            clr    t3state
 C05E  79080D                    clr    t4state
 C061  79080E                    clr    t5state
 C064            
 C064            ;  Normally no code other than that to clear the state variables and call the tasks
 C064            ;  repeatedly should be in your main program.  However, this week we will make an 
 C064            ;  exception.  The following code will allow the user to set TICKS_1 and TICKS_2 in
 C064            ;  the debugger.
 C064            
 C064  180300C80800         movw   #200, TICKS_1      ; set default for TICKS_1
 C06A  180301F40805         movw   #500, TICKS_2      ; set default for TICKS_2
 C070  00                bgnd                      ; stop in DEBUGGER to allow user to alter TICKS
 C071            
 C071            TOP:    
 C071  16C082                    jsr    TASK_1
 C074                            
 C074  16C102            jsr    TASK_2
 C077                            
 C077  16C143                    jsr    TASK_4
 C07A                            
 C07A  16C1C3            jsr    TASK_5
 C07D                             
 C07D  16C204            jsr    TASK_3
 C080                            
 C080  20EF              bra    TOP
 C082            
 C082            ; end main
 C082            ;=============================================================================
 C082            ;
 C082            ;    Subroutine TASK_1            ; pattern_1
 C082            
 C082  B6080A    TASK_1: ldaa   t1state            ; get current t1state and branch accordingly
 C085  2713              beq    t1state0
 C087  43                deca
 C088  271E              beq    t1state1
 C08A  43                deca
 C08B  272A              beq    t1state2
 C08D  43                deca
 C08E  2736              beq    t1state3
 C090  43                deca
 C091  2742              beq    t1state4
 C093  43                deca
 C094  274E              beq    t1state5
 C096  43                deca
 C097  275A              beq    t1state6
 C099  3D                rts                       ; undefined state - do nothing but return
 C09A            
 C09A            t1state0:                         ; init TASK_1
 C09A  1D00D603          bclr   PORTS, LED_MSK_1   ; ensure that LEDs are off when initialized
 C09E  1C00D703          bset   DDRS, LED_MSK_1    ; set LED_MSK_1 pins as PORTS outputs
 C0A2  180B01080A         movb   #$01, t1state      ; set next state
 C0A7  3D                rts
 C0A8            
 C0A8            t1state1:                         ; G, not R
 C0A8  1C00D602          bset   PORTS, G_LED_1     ; set state1 pattern on LEDs
 C0AC  F70804            tst    DONE_1             ; check TASK_1 done flag
 C0AF  2705              beq    exit_t1s1          ; if not done, return
 C0B1  180B02080A         movb   #$02, t1state      ; if done, set next state
 C0B6            exit_t1s1:
 C0B6  3D                rts
 C0B7            t1state2:                         ; not G, not R
 C0B7  1D00D602          bclr   PORTS, G_LED_1     ; set state2 pattern on LEDs
 C0BB  F70804            tst    DONE_1             ; check TASK_1 done flag
 C0BE  2705              beq    exit_t1s2          ; if not done, return
 C0C0  180B03080A         movb   #$03, t1state      ; if done, set next state
 C0C5            exit_t1s2:
 C0C5  3D                rts
 C0C6            t1state3:                         ; not G, R
 C0C6  1C00D601          bset   PORTS, R_LED_1     ; set state3 pattern on LEDs
 C0CA  F70804            tst    DONE_1             ; check TASK_1 done flag
 C0CD  2705              beq    exit_t1s3          ; if not done, return
 C0CF  180B04080A         movb   #$04, t1state      ; if done, set next state
 C0D4            exit_t1s3:
 C0D4  3D                rts
 C0D5            t1state4:                         ; not G, not R
 C0D5  1D00D601          bclr   PORTS, R_LED_1   ; set state4 pattern on LEDs
 C0D9  F70804            tst    DONE_1             ; check TASK_1 done flag
 C0DC  2705              beq    exit_t1s4          ; if not done, return
 C0DE  180B05080A         movb   #$05, t1state      ; if done, set next state
 C0E3            exit_t1s4:
 C0E3  3D               rts                                                ;
 C0E4            t1state5:                         ; G, R
 C0E4  1C00D603          bset   PORTS, LED_MSK_1   ; set state5 pattern on LEDs
 C0E8  F70804            tst    DONE_1             ; check TASK_1 done flag
 C0EB  2705              beq    exit_t1s5          ; if not done, return
 C0ED  180B06080A         movb   #$06, t1state      ; if done, set next state
 C0F2            exit_t1s5:
 C0F2  3D                rts
 C0F3            
 C0F3            t1state6:                         ; not G, not R
 C0F3  1D00D603          bclr   PORTS, LED_MSK_1   ; set state6 pattern on LEDs
 C0F7  F70804            tst    DONE_1             ; check TASK_1 done flag
 C0FA  2705              beq    exit_t1s6          ; if not done, return
 C0FC  180B01080A         movb   #$01, t1state      ; if done, set next state
 C101            exit_t1s6:
 C101  3D                rts
 C102            
 C102            ; end TASK_1
 C102            ;
 C102            ;=============================================================================
 C102            ;
 C102            ;    Subroutine TASK_2            ; count down LED_1 pair
 C102            
 C102  B6080B    TASK_2: ldaa   t2state            ; get current t2state and branch accordingly
 C105  2707              beq    t2state0
 C107  43                deca
 C108  270D              beq    t2state1
 C10A  43                        deca
 C10B  2720                      beq    t2state2
 C10D  3D                rts                       ; undefined state - do nothing but return
 C10E            
 C10E            t2state0:                         ; initialization for TASK_2
 C10E  790804            clr    DONE_1
 C111  180B01080B         movb   #$01, t2state      ; set next state
 C116  3D                        rts
 C117            t2state1:                         ; (re)initialize COUNT_1
 C117  180408000802         movw   TICKS_1, COUNT_1
 C11D  FE0802            ldx    COUNT_1
 C120  09                dex                       ; decrement COUNT_1
 C121  7E0802            stx    COUNT_1            ; store decremented COUNT_1
 C124  790804                    clr    DONE_1
 C127  180B02080B         movb   #$02, t2state      ; set next state
 C12C  3D                rts
 C12D            
 C12D            t2state2:                         ; count down COUNT_1
 C12D  FE0802            ldx    COUNT_1
 C130  2706              beq    setdone_1          ; test to see if COUNT_1 is already zero
 C132  09                dex                       ; decrement COUNT_1
 C133  7E0802            stx    COUNT_1            ; store decremented COUNT_1
 C136  260A              bne    exit_t2s2          ; if not done, return
 C138            setdone_1:
 C138  180B010804         movb   #$01, DONE_1       ; if done, set DONE_1 flag
 C13D  180B01080B         movb   #$01, t2state      ; set next state
 C142            exit_t2s2:
 C142  3D                rts
 C143            
 C143            ; end TASK_2
 C143            ; 
 C143            ;=============================================================================
 C143            ;
 C143            ;    Subroutine TASK_4            ; pattern_4
 C143            
 C143  B6080D    TASK_4: ldaa   t4state            ; get current t1state and branch accordingly
 C146  2713              beq    t4state0
 C148  43                deca
 C149  271E              beq    t4state1
 C14B  43                deca
 C14C  272A              beq    t4state2
 C14E  43                deca
 C14F  2736              beq    t4state3
 C151  43                deca
 C152  2742              beq    t4state4
 C154  43                deca
 C155  274E              beq    t4state5
 C157  43                deca
 C158  275A              beq    t4state6
 C15A  3D                rts                       ; undefined state - do nothing but return
 C15B            
 C15B            t4state0:                         ; init TASK_1
 C15B  1D00D60C          bclr   PORTS, LED_MSK_2   ; ensure that LEDs are off when initialized
 C15F  1C00D70C          bset   DDRS, LED_MSK_2    ; set LED_MSK_1 pins as PORTS outputs
 C163  180B01080D         movb   #$01, t4state      ; set next state
 C168  3D                rts
 C169            
 C169            t4state1:                         ; G, not R
 C169  1C00D608          bset   PORTS, G_LED_2     ; set state1 pattern on LEDs
 C16D  F70809            tst    DONE_2             ; check TASK_1 done flag
 C170  2705              beq    exit_t4s1          ; if not done, return
 C172  180B02080D         movb   #$02, t4state      ; if done, set next state
 C177            exit_t4s1:
 C177  3D                rts
 C178            t4state2:                         ; not G, not R
 C178  1D00D608          bclr   PORTS, G_LED_2     ; set state2 pattern on LEDs
 C17C  F70809            tst    DONE_2             ; check TASK_1 done flag
 C17F  2705              beq    exit_t4s2          ; if not done, return
 C181  180B03080D         movb   #$03, t4state      ; if done, set next state
 C186            exit_t4s2:
 C186  3D                rts
 C187            t4state3:                         ; not G, R
 C187  1C00D604          bset   PORTS, R_LED_2     ; set state3 pattern on LEDs
 C18B  F70809            tst    DONE_2             ; check TASK_1 done flag
 C18E  2705              beq    exit_t4s3          ; if not done, return
 C190  180B04080D         movb   #$04, t4state      ; if done, set next state
 C195            exit_t4s3:
 C195  3D                rts
 C196            t4state4:                         ; not G, not R
 C196  1D00D604          bclr   PORTS, R_LED_2   ; set state4 pattern on LEDs
 C19A  F70809            tst    DONE_2             ; check TASK_1 done flag
 C19D  2705              beq    exit_t4s4          ; if not done, return
 C19F  180B05080D         movb   #$05, t4state      ; if done, set next state
 C1A4            exit_t4s4:
 C1A4  3D               rts                                                ;
 C1A5            t4state5:                         ; G, R
 C1A5  1C00D60C          bset   PORTS, LED_MSK_2   ; set state5 pattern on LEDs
 C1A9  F70809            tst    DONE_2             ; check TASK_1 done flag
 C1AC  2705              beq    exit_t4s5          ; if not done, return
 C1AE  180B06080D         movb   #$06, t4state      ; if done, set next state
 C1B3            exit_t4s5:
 C1B3  3D                rts
 C1B4            
 C1B4            t4state6:                         ; not G, not R
 C1B4  1D00D60C          bclr   PORTS, LED_MSK_2   ; set state6 pattern on LEDs
 C1B8  F70809            tst    DONE_2             ; check TASK_1 done flag
 C1BB  2705              beq    exit_t4s6          ; if not done, return
 C1BD  180B01080D         movb   #$01, t4state      ; if done, set next state
 C1C2            exit_t4s6:
 C1C2  3D                rts
 C1C3            
 C1C3            ; end TASK_4
 C1C3            ;
 C1C3            ;=============================================================================
 C1C3            ;
 C1C3            ;    Subroutine TASK_5            ; count down LED_1 pair
 C1C3            
 C1C3  B6080E    TASK_5: ldaa   t5state            ; get current t2state and branch accordingly
 C1C6  2707              beq    t5state0
 C1C8  43                deca
 C1C9  270D              beq    t5state1
 C1CB  43                        deca
 C1CC  2720                      beq    t5state2
 C1CE  3D                rts                       ; undefined state - do nothing but return
 C1CF            
 C1CF            t5state0:                         ; initialization for TASK_2
 C1CF  790809            clr    DONE_2
 C1D2  180B01080E         movb   #$01, t5state      ; set next state
 C1D7  3D                        rts
 C1D8            t5state1:                         ; (re)initialize COUNT_1
 C1D8  180408050807         movw   TICKS_2, COUNT_2
 C1DE  FE0807            ldx    COUNT_2
 C1E1  09                dex                       ; decrement COUNT_1
 C1E2  7E0807            stx    COUNT_2            ; store decremented COUNT_1
 C1E5  790809                    clr    DONE_2
 C1E8  180B02080E         movb   #$02, t5state      ; set next state
 C1ED  3D                rts
 C1EE            
 C1EE            t5state2:                         ; count down COUNT_1
 C1EE  FE0807            ldx    COUNT_2
 C1F1  2706              beq    setdone_2          ; test to see if COUNT_1 is already zero
 C1F3  09                dex                       ; decrement COUNT_1
 C1F4  7E0807            stx    COUNT_2            ; store decremented COUNT_1
 C1F7  260A              bne    exit_t5s2          ; if not done, return
 C1F9            setdone_2:
 C1F9  180B010809         movb   #$01, DONE_2       ; if done, set DONE_1 flag
 C1FE  180B01080E         movb   #$01, t5state      ; set next state
 C203            exit_t5s2:
 C203  3D                rts
 C204            
 C204            ; end TASK_5
 C204            ;=============================================================================
 C204            ;
 C204            ;    Subroutine TASK_3            ; delay 1.00ms
 C204            
 C204  B6080C    TASK_3: ldaa   t3state            ; get current t3state and branch accordingly
 C207  2704              beq    t3state0
 C209  43                deca
 C20A  2707              beq    t3state1
 C20C  3D                rts                       ; undefined state - do nothing but return
 C20D            
 C20D            t3state0:                         ; initialization for TASK_3
 C20D                                              ; no initialization required
 C20D  180B01080C         movb   #$01, t3state      ; set next state
 C212  3D                rts
 C213            
 C213            t3state1:
 C213  16C217            jsr    DELAY_1ms
 C216  3D                rts
 C217            
 C217            ; end TASK_3
 C217            ;
 C217            ;=============================================================================
 C217            ;
 C217            ;    Subroutine Delay_1ms delays for ~1.00ms
 C217            ;
 C217            DELAY_1ms:
 C217  CD0262            ldy    #$0262
 C21A            INNER:                            ; inside loop
 C21A  8D0000            cpy    #0
 C21D  2703              beq    EXIT
 C21F  03                dey
 C220  20F8              bra    INNER
 C222            EXIT:
 C222  3D                rts                       ; exit DELAY_1ms
 C223            
 C223            ; end subroutine DELAY_1ms
 C223            ;
 C223            ;==============================================================================
 C223            
 C223            
                .area interrupt_vectors (abs)
                .org    $FFFE             ; at reset vector location
 FFFE  C000      .word   __start           ; load starting address
