 0000           ; Shell code for LED Lab 2 Exercise
 0000           
 0000           ;Assembler equates
 0000           
 00D6           PORTS        = $00D6              ; output port for LEDs
 00D7           DDRS         = $00D7
 0003           LED_MSK_1    = 0b00000011         ; LED_1 output pins
 000C           LED_MSK_2    = 0b00001100         ; LED_2 output pins
 0001           R_LED_1      = 0b00000001         ; red LED_1 output pin
 0002           G_LED_1      = 0b00000010         ; green LED_1 output pin
 0004           R_LED_2      = 0b00000100         ; red LED_2 output pin
 0008           G_LED_2      = 0b00001000         ; green LED_2 output pin
 0000           
 0000           ; RAM area
                .area bss
 0000           TICKS_1::    .blkb 2              ; use this space to explain each of your variables
 0002           COUNT_1::    .blkb 2
 0004           DONE_1::     .blkb 1
 0005           TICKS_2::    .blkb 2
 0007           COUNT_2::    .blkb 2
 0009           DONE_2::     .blkb 1
 000A           t1state::    .blkb 1
 000B           t2state::    .blkb 1
 000C           t3state::    .blkb 1
 000D           t4state::    .blkb 1
 000E           t5state::    .blkb 1
 000F           
 000F           
 000F           ;code area
                .area text
                ;
                ;==============================================================================
                ;
                ;   main program
                
 0000           _main::
 0000           
 0000 79000A            clr    t1state            ; initialize all tasks to state0
 0003 79000B            clr    t2state
 0006 79000C            clr    t3state
 0009 79000D                    clr    t4state
 000C 79000E                    clr    t5state
 000F           
 000F           ;  Normally no code other than that to clear the state variables and call the tasks
 000F           ;  repeatedly should be in your main program.  However, this week we will make an 
 000F           ;  exception.  The following code will allow the user to set TICKS_1 and TICKS_2 in
 000F           ;  the debugger.
 000F           
 000F 180300C80000         movw   #200, TICKS_1      ; set default for TICKS_1
 0015 180301F40005         movw   #500, TICKS_2      ; set default for TICKS_2
 001B 00                bgnd                      ; stop in DEBUGGER to allow user to alter TICKS
 001C           
 001C           TOP:    
 001C 16002D                    jsr    TASK_1
 001F                           
 001F 1600AD            jsr    TASK_2
 0022                           
 0022 1600EE                    jsr    TASK_4
 0025                           
 0025 16016E            jsr    TASK_5
 0028                            
 0028 1601AF            jsr    TASK_3
 002B                           
 002B 20EF              bra    TOP
 002D           
 002D           ; end main
 002D           ;=============================================================================
 002D           ;
 002D           ;    Subroutine TASK_1            ; pattern_1
 002D           
 002D B6000A    TASK_1: ldaa   t1state            ; get current t1state and branch accordingly
 0030 2713              beq    t1state0
 0032 43                deca
 0033 271E              beq    t1state1
 0035 43                deca
 0036 272A              beq    t1state2
 0038 43                deca
 0039 2736              beq    t1state3
 003B 43                deca
 003C 2742              beq    t1state4
 003E 43                deca
 003F 274E              beq    t1state5
 0041 43                deca
 0042 275A              beq    t1state6
 0044 3D                rts                       ; undefined state - do nothing but return
 0045           
 0045           t1state0:                         ; init TASK_1
 0045 1D00D603          bclr   PORTS, LED_MSK_1   ; ensure that LEDs are off when initialized
 0049 1C00D703          bset   DDRS, LED_MSK_1    ; set LED_MSK_1 pins as PORTS outputs
 004D 180B01000A         movb   #$01, t1state      ; set next state
 0052 3D                rts
 0053           
 0053           t1state1:                         ; G, not R
 0053 1C00D602          bset   PORTS, G_LED_1     ; set state1 pattern on LEDs
 0057 F70004            tst    DONE_1             ; check TASK_1 done flag
 005A 2705              beq    exit_t1s1          ; if not done, return
 005C 180B02000A         movb   #$02, t1state      ; if done, set next state
 0061           exit_t1s1:
 0061 3D                rts
 0062           t1state2:                         ; not G, not R
 0062 1D00D602          bclr   PORTS, G_LED_1     ; set state2 pattern on LEDs
 0066 F70004            tst    DONE_1             ; check TASK_1 done flag
 0069 2705              beq    exit_t1s2          ; if not done, return
 006B 180B03000A         movb   #$03, t1state      ; if done, set next state
 0070           exit_t1s2:
 0070 3D                rts
 0071           t1state3:                         ; not G, R
 0071 1C00D601          bset   PORTS, R_LED_1     ; set state3 pattern on LEDs
 0075 F70004            tst    DONE_1             ; check TASK_1 done flag
 0078 2705              beq    exit_t1s3          ; if not done, return
 007A 180B04000A         movb   #$04, t1state      ; if done, set next state
 007F           exit_t1s3:
 007F 3D                rts
 0080           t1state4:                         ; not G, not R
 0080 1D00D601          bclr   PORTS, R_LED_1   ; set state4 pattern on LEDs
 0084 F70004            tst    DONE_1             ; check TASK_1 done flag
 0087 2705              beq    exit_t1s4          ; if not done, return
 0089 180B05000A         movb   #$05, t1state      ; if done, set next state
 008E           exit_t1s4:
 008E 3D               rts                                                ;
 008F           t1state5:                         ; G, R
 008F 1C00D603          bset   PORTS, LED_MSK_1   ; set state5 pattern on LEDs
 0093 F70004            tst    DONE_1             ; check TASK_1 done flag
 0096 2705              beq    exit_t1s5          ; if not done, return
 0098 180B06000A         movb   #$06, t1state      ; if done, set next state
 009D           exit_t1s5:
 009D 3D                rts
 009E           
 009E           t1state6:                         ; not G, not R
 009E 1D00D603          bclr   PORTS, LED_MSK_1   ; set state6 pattern on LEDs
 00A2 F70004            tst    DONE_1             ; check TASK_1 done flag
 00A5 2705              beq    exit_t1s6          ; if not done, return
 00A7 180B01000A         movb   #$01, t1state      ; if done, set next state
 00AC           exit_t1s6:
 00AC 3D                rts
 00AD           
 00AD           ; end TASK_1
 00AD           ;
 00AD           ;=============================================================================
 00AD           ;
 00AD           ;    Subroutine TASK_2            ; count down LED_1 pair
 00AD           
 00AD B6000B    TASK_2: ldaa   t2state            ; get current t2state and branch accordingly
 00B0 2707              beq    t2state0
 00B2 43                deca
 00B3 270D              beq    t2state1
 00B5 43                        deca
 00B6 2720                      beq    t2state2
 00B8 3D                rts                       ; undefined state - do nothing but return
 00B9           
 00B9           t2state0:                         ; initialization for TASK_2
 00B9 790004            clr    DONE_1
 00BC 180B01000B         movb   #$01, t2state      ; set next state
 00C1 3D                        rts
 00C2           t2state1:                         ; (re)initialize COUNT_1
 00C2 180400000002         movw   TICKS_1, COUNT_1
 00C8 FE0002            ldx    COUNT_1
 00CB 09                dex                       ; decrement COUNT_1
 00CC 7E0002            stx    COUNT_1            ; store decremented COUNT_1
 00CF 790004                    clr    DONE_1
 00D2 180B02000B         movb   #$02, t2state      ; set next state
 00D7 3D                rts
 00D8           
 00D8           t2state2:                         ; count down COUNT_1
 00D8 FE0002            ldx    COUNT_1
 00DB 2706              beq    setdone_1          ; test to see if COUNT_1 is already zero
 00DD 09                dex                       ; decrement COUNT_1
 00DE 7E0002            stx    COUNT_1            ; store decremented COUNT_1
 00E1 260A              bne    exit_t2s2          ; if not done, return
 00E3           setdone_1:
 00E3 180B010004         movb   #$01, DONE_1       ; if done, set DONE_1 flag
 00E8 180B01000B         movb   #$01, t2state      ; set next state
 00ED           exit_t2s2:
 00ED 3D                rts
 00EE           
 00EE           ; end TASK_2
 00EE           ; 
 00EE           ;=============================================================================
 00EE           ;
 00EE           ;    Subroutine TASK_4            ; pattern_4
 00EE           
 00EE B6000D    TASK_4: ldaa   t4state            ; get current t1state and branch accordingly
 00F1 2713              beq    t4state0
 00F3 43                deca
 00F4 271E              beq    t4state1
 00F6 43                deca
 00F7 272A              beq    t4state2
 00F9 43                deca
 00FA 2736              beq    t4state3
 00FC 43                deca
 00FD 2742              beq    t4state4
 00FF 43                deca
 0100 274E              beq    t4state5
 0102 43                deca
 0103 275A              beq    t4state6
 0105 3D                rts                       ; undefined state - do nothing but return
 0106           
 0106           t4state0:                         ; init TASK_1
 0106 1D00D60C          bclr   PORTS, LED_MSK_2   ; ensure that LEDs are off when initialized
 010A 1C00D70C          bset   DDRS, LED_MSK_2    ; set LED_MSK_1 pins as PORTS outputs
 010E 180B01000D         movb   #$01, t4state      ; set next state
 0113 3D                rts
 0114           
 0114           t4state1:                         ; G, not R
 0114 1C00D608          bset   PORTS, G_LED_2     ; set state1 pattern on LEDs
 0118 F70009            tst    DONE_2             ; check TASK_1 done flag
 011B 2705              beq    exit_t4s1          ; if not done, return
 011D 180B02000D         movb   #$02, t4state      ; if done, set next state
 0122           exit_t4s1:
 0122 3D                rts
 0123           t4state2:                         ; not G, not R
 0123 1D00D608          bclr   PORTS, G_LED_2     ; set state2 pattern on LEDs
 0127 F70009            tst    DONE_2             ; check TASK_1 done flag
 012A 2705              beq    exit_t4s2          ; if not done, return
 012C 180B03000D         movb   #$03, t4state      ; if done, set next state
 0131           exit_t4s2:
 0131 3D                rts
 0132           t4state3:                         ; not G, R
 0132 1C00D604          bset   PORTS, R_LED_2     ; set state3 pattern on LEDs
 0136 F70009            tst    DONE_2             ; check TASK_1 done flag
 0139 2705              beq    exit_t4s3          ; if not done, return
 013B 180B04000D         movb   #$04, t4state      ; if done, set next state
 0140           exit_t4s3:
 0140 3D                rts
 0141           t4state4:                         ; not G, not R
 0141 1D00D604          bclr   PORTS, R_LED_2   ; set state4 pattern on LEDs
 0145 F70009            tst    DONE_2             ; check TASK_1 done flag
 0148 2705              beq    exit_t4s4          ; if not done, return
 014A 180B05000D         movb   #$05, t4state      ; if done, set next state
 014F           exit_t4s4:
 014F 3D               rts                                                ;
 0150           t4state5:                         ; G, R
 0150 1C00D60C          bset   PORTS, LED_MSK_2   ; set state5 pattern on LEDs
 0154 F70009            tst    DONE_2             ; check TASK_1 done flag
 0157 2705              beq    exit_t4s5          ; if not done, return
 0159 180B06000D         movb   #$06, t4state      ; if done, set next state
 015E           exit_t4s5:
 015E 3D                rts
 015F           
 015F           t4state6:                         ; not G, not R
 015F 1D00D60C          bclr   PORTS, LED_MSK_2   ; set state6 pattern on LEDs
 0163 F70009            tst    DONE_2             ; check TASK_1 done flag
 0166 2705              beq    exit_t4s6          ; if not done, return
 0168 180B01000D         movb   #$01, t4state      ; if done, set next state
 016D           exit_t4s6:
 016D 3D                rts
 016E           
 016E           ; end TASK_4
 016E           ;
 016E           ;=============================================================================
 016E           ;
 016E           ;    Subroutine TASK_5            ; count down LED_1 pair
 016E           
 016E B6000E    TASK_5: ldaa   t5state            ; get current t2state and branch accordingly
 0171 2707              beq    t5state0
 0173 43                deca
 0174 270D              beq    t5state1
 0176 43                        deca
 0177 2720                      beq    t5state2
 0179 3D                rts                       ; undefined state - do nothing but return
 017A           
 017A           t5state0:                         ; initialization for TASK_2
 017A 790009            clr    DONE_2
 017D 180B01000E         movb   #$01, t5state      ; set next state
 0182 3D                        rts
 0183           t5state1:                         ; (re)initialize COUNT_1
 0183 180400050007         movw   TICKS_2, COUNT_2
 0189 FE0007            ldx    COUNT_2
 018C 09                dex                       ; decrement COUNT_1
 018D 7E0007            stx    COUNT_2            ; store decremented COUNT_1
 0190 790009                    clr    DONE_2
 0193 180B02000E         movb   #$02, t5state      ; set next state
 0198 3D                rts
 0199           
 0199           t5state2:                         ; count down COUNT_1
 0199 FE0007            ldx    COUNT_2
 019C 2706              beq    setdone_2          ; test to see if COUNT_1 is already zero
 019E 09                dex                       ; decrement COUNT_1
 019F 7E0007            stx    COUNT_2            ; store decremented COUNT_1
 01A2 260A              bne    exit_t5s2          ; if not done, return
 01A4           setdone_2:
 01A4 180B010009         movb   #$01, DONE_2       ; if done, set DONE_1 flag
 01A9 180B01000E         movb   #$01, t5state      ; set next state
 01AE           exit_t5s2:
 01AE 3D                rts
 01AF           
 01AF           ; end TASK_5
 01AF           ;=============================================================================
 01AF           ;
 01AF           ;    Subroutine TASK_3            ; delay 1.00ms
 01AF           
 01AF B6000C    TASK_3: ldaa   t3state            ; get current t3state and branch accordingly
 01B2 2704              beq    t3state0
 01B4 43                deca
 01B5 2707              beq    t3state1
 01B7 3D                rts                       ; undefined state - do nothing but return
 01B8           
 01B8           t3state0:                         ; initialization for TASK_3
 01B8                                             ; no initialization required
 01B8 180B01000C         movb   #$01, t3state      ; set next state
 01BD 3D                rts
 01BE           
 01BE           t3state1:
 01BE 1601C2            jsr    DELAY_1ms
 01C1 3D                rts
 01C2           
 01C2           ; end TASK_3
 01C2           ;
 01C2           ;=============================================================================
 01C2           ;
 01C2           ;    Subroutine Delay_1ms delays for ~1.00ms
 01C2           ;
 01C2           DELAY_1ms:
 01C2 CD0262            ldy    #$0262
 01C5           INNER:                            ; inside loop
 01C5 8D0000            cpy    #0
 01C8 2703              beq    EXIT
 01CA 03                dey
 01CB 20F8              bra    INNER
 01CD           EXIT:
 01CD 3D                rts                       ; exit DELAY_1ms
 01CE           
 01CE           ; end subroutine DELAY_1ms
 01CE           ;
 01CE           ;==============================================================================
 01CE           
 01CE           
                .area interrupt_vectors (abs)
                .org    $FFFE             ; at reset vector location
 FFFE 0000      .word   __start           ; load starting address
